arm-none-eabi-gcc -MMD -MF build/bag.d -mthumb -mno-thumb-interwork -mcpu=arm7tdmi -mtune=arm7tdmi -mno-long-calls -march=armv4t -Wall -Wextra -Wno-builtin-declaration-mismatch -Wno-sequence-point -Wno-address-of-packed-member -Os -fira-loop-pressure -fipa-pta -c src/bag.c -o build/bag.o
arm-none-eabi-gcc -MMD -MF build/item.d -mthumb -mno-thumb-interwork -mcpu=arm7tdmi -mtune=arm7tdmi -mno-long-calls -march=armv4t -Wall -Wextra -Wno-builtin-declaration-mismatch -Wno-sequence-point -Wno-address-of-packed-member -Os -fira-loop-pressure -fipa-pta -c src/item.c -o build/item.o
arm-none-eabi-gcc -MMD -MF build/message.d -mthumb -mno-thumb-interwork -mcpu=arm7tdmi -mtune=arm7tdmi -mno-long-calls -march=armv4t -Wall -Wextra -Wno-builtin-declaration-mismatch -Wno-sequence-point -Wno-address-of-packed-member -Os -fira-loop-pressure -fipa-pta -c src/message.c -o build/message.o
arm-none-eabi-gcc -MMD -MF build/moves.d -mthumb -mno-thumb-interwork -mcpu=arm7tdmi -mtune=arm7tdmi -mno-long-calls -march=armv4t -Wall -Wextra -Wno-builtin-declaration-mismatch -Wno-sequence-point -Wno-address-of-packed-member -Os -fira-loop-pressure -fipa-pta -c src/moves.c -o build/moves.o
arm-none-eabi-gcc -MMD -MF build/music_tables.d -mthumb -mno-thumb-interwork -mcpu=arm7tdmi -mtune=arm7tdmi -mno-long-calls -march=armv4t -Wall -Wextra -Wno-builtin-declaration-mismatch -Wno-sequence-point -Wno-address-of-packed-member -Os -fira-loop-pressure -fipa-pta -c src/music_tables.c -o build/music_tables.o
arm-none-eabi-gcc -MMD -MF build/npc_trade.d -mthumb -mno-thumb-interwork -mcpu=arm7tdmi -mtune=arm7tdmi -mno-long-calls -march=armv4t -Wall -Wextra -Wno-builtin-declaration-mismatch -Wno-sequence-point -Wno-address-of-packed-member -Os -fira-loop-pressure -fipa-pta -c src/npc_trade.c -o build/npc_trade.o
arm-none-eabi-gcc -MMD -MF build/overlay.d -mthumb -mno-thumb-interwork -mcpu=arm7tdmi -mtune=arm7tdmi -mno-long-calls -march=armv4t -Wall -Wextra -Wno-builtin-declaration-mismatch -Wno-sequence-point -Wno-address-of-packed-member -Os -fira-loop-pressure -fipa-pta -c src/overlay.c -o build/overlay.o
arm-none-eabi-gcc -MMD -MF build/party_menu.d -mthumb -mno-thumb-interwork -mcpu=arm7tdmi -mtune=arm7tdmi -mno-long-calls -march=armv4t -Wall -Wextra -Wno-builtin-declaration-mismatch -Wno-sequence-point -Wno-address-of-packed-member -Os -fira-loop-pressure -fipa-pta -c src/party_menu.c -o build/party_menu.o
arm-none-eabi-gcc -MMD -MF build/pokemon.d -mthumb -mno-thumb-interwork -mcpu=arm7tdmi -mtune=arm7tdmi -mno-long-calls -march=armv4t -Wall -Wextra -Wno-builtin-declaration-mismatch -Wno-sequence-point -Wno-address-of-packed-member -Os -fira-loop-pressure -fipa-pta -c src/pokemon.c -o build/pokemon.o
arm-none-eabi-gcc -MMD -MF build/pokemon_storage_system.d -mthumb -mno-thumb-interwork -mcpu=arm7tdmi -mtune=arm7tdmi -mno-long-calls -march=armv4t -Wall -Wextra -Wno-builtin-declaration-mismatch -Wno-sequence-point -Wno-address-of-packed-member -Os -fira-loop-pressure -fipa-pta -c src/pokemon_storage_system.c -o build/pokemon_storage_system.o
arm-none-eabi-gcc -MMD -MF build/qmath64.d -mthumb -mno-thumb-interwork -mcpu=arm7tdmi -mtune=arm7tdmi -mno-long-calls -march=armv4t -Wall -Wextra -Wno-builtin-declaration-mismatch -Wno-sequence-point -Wno-address-of-packed-member -Os -fira-loop-pressure -fipa-pta -c src/qmath64.c -o build/qmath64.o
arm-none-eabi-gcc -MMD -MF build/repel.d -mthumb -mno-thumb-interwork -mcpu=arm7tdmi -mtune=arm7tdmi -mno-long-calls -march=armv4t -Wall -Wextra -Wno-builtin-declaration-mismatch -Wno-sequence-point -Wno-address-of-packed-member -Os -fira-loop-pressure -fipa-pta -c src/repel.c -o build/repel.o
arm-none-eabi-gcc -MMD -MF build/save.d -mthumb -mno-thumb-interwork -mcpu=arm7tdmi -mtune=arm7tdmi -mno-long-calls -march=armv4t -Wall -Wextra -Wno-builtin-declaration-mismatch -Wno-sequence-point -Wno-address-of-packed-member -Os -fira-loop-pressure -fipa-pta -c src/save.c -o build/save.o
arm-none-eabi-gcc -MMD -MF build/script_new_cmds.d -mthumb -mno-thumb-interwork -mcpu=arm7tdmi -mtune=arm7tdmi -mno-long-calls -march=armv4t -Wall -Wextra -Wno-builtin-declaration-mismatch -Wno-sequence-point -Wno-address-of-packed-member -Os -fira-loop-pressure -fipa-pta -c src/script_new_cmds.c -o build/script_new_cmds.o
arm-none-eabi-gcc -MMD -MF build/sound.d -mthumb -mno-thumb-interwork -mcpu=arm7tdmi -mtune=arm7tdmi -mno-long-calls -march=armv4t -Wall -Wextra -Wno-builtin-declaration-mismatch -Wno-sequence-point -Wno-address-of-packed-member -Os -fira-loop-pressure -fipa-pta -c src/sound.c -o build/sound.o
arm-none-eabi-gcc -MMD -MF build/summary.d -mthumb -mno-thumb-interwork -mcpu=arm7tdmi -mtune=arm7tdmi -mno-long-calls -march=armv4t -Wall -Wextra -Wno-builtin-declaration-mismatch -Wno-sequence-point -Wno-address-of-packed-member -Os -fira-loop-pressure -fipa-pta -c src/summary.c -o build/summary.o
arm-none-eabi-gcc -MMD -MF build/swarms.d -mthumb -mno-thumb-interwork -mcpu=arm7tdmi -mtune=arm7tdmi -mno-long-calls -march=armv4t -Wall -Wextra -Wno-builtin-declaration-mismatch -Wno-sequence-point -Wno-address-of-packed-member -Os -fira-loop-pressure -fipa-pta -c src/swarms.c -o build/swarms.o
arm-none-eabi-gcc -MMD -MF build/test_battle.d -mthumb -mno-thumb-interwork -mcpu=arm7tdmi -mtune=arm7tdmi -mno-long-calls -march=armv4t -Wall -Wextra -Wno-builtin-declaration-mismatch -Wno-sequence-point -Wno-address-of-packed-member -Os -fira-loop-pressure -fipa-pta -c src/test_battle.c -o build/test_battle.o
arm-none-eabi-gcc -MMD -MF build/textbox.d -mthumb -mno-thumb-interwork -mcpu=arm7tdmi -mtune=arm7tdmi -mno-long-calls -march=armv4t -Wall -Wextra -Wno-builtin-declaration-mismatch -Wno-sequence-point -Wno-address-of-packed-member -Os -fira-loop-pressure -fipa-pta -c src/textbox.c -o build/textbox.o
arm-none-eabi-gcc -MMD -MF build/trainermoney.d -mthumb -mno-thumb-interwork -mcpu=arm7tdmi -mtune=arm7tdmi -mno-long-calls -march=armv4t -Wall -Wextra -Wno-builtin-declaration-mismatch -Wno-sequence-point -Wno-address-of-packed-member -Os -fira-loop-pressure -fipa-pta -c src/trainermoney.c -o build/trainermoney.o
arm-none-eabi-as -mthumb -c asm/arm_hooks.s -o build/arm_hooks.o
arm-none-eabi-as -mthumb -c asm/general_hooks.s -o build/general_hooks.o
arm-none-eabi-as -mthumb -c asm/other_hook.s -o build/other_hook.o
arm-none-eabi-as -mthumb -c asm/qmath.s -o build/qmath.o
arm-none-eabi-as -mthumb -c asm/thumb_help.s -o build/thumb_help.o
src/pokemon.c: In function 'Pokemon_TryLevelUp':
src/pokemon.c:2221:13: warning: comparison of integer expressions of different signedness: 'u32' {aka 'long unsigned int'} and 'int' [-Wsign-compare]
 2221 |     if (exp >= GetExpByGrowthRateAndLevel((int)growthrate, level)) {
      |             ^~
arm-none-eabi-gcc -MMD -MF build/battle/ability.d -mthumb -mno-thumb-interwork -mcpu=arm7tdmi -mtune=arm7tdmi -mno-long-calls -march=armv4t -Wall -Wextra -Wno-builtin-declaration-mismatch -Wno-sequence-point -Wno-address-of-packed-member -Os -fira-loop-pressure -fipa-pta -c src/battle/ability.c -o build/battle/ability.o
arm-none-eabi-gcc -MMD -MF build/battle/ai.d -mthumb -mno-thumb-interwork -mcpu=arm7tdmi -mtune=arm7tdmi -mno-long-calls -march=armv4t -Wall -Wextra -Wno-builtin-declaration-mismatch -Wno-sequence-point -Wno-address-of-packed-member -Os -fira-loop-pressure -fipa-pta -c src/battle/ai.c -o build/battle/ai.o
arm-none-eabi-gcc -MMD -MF build/battle/anim.d -mthumb -mno-thumb-interwork -mcpu=arm7tdmi -mtune=arm7tdmi -mno-long-calls -march=armv4t -Wall -Wextra -Wno-builtin-declaration-mismatch -Wno-sequence-point -Wno-address-of-packed-member -Os -fira-loop-pressure -fipa-pta -c src/battle/anim.c -o build/battle/anim.o
arm-none-eabi-gcc -MMD -MF build/battle/battle_calc_damage.d -mthumb -mno-thumb-interwork -mcpu=arm7tdmi -mtune=arm7tdmi -mno-long-calls -march=armv4t -Wall -Wextra -Wno-builtin-declaration-mismatch -Wno-sequence-point -Wno-address-of-packed-member -Os -fira-loop-pressure -fipa-pta -c src/battle/battle_calc_damage.c -o build/battle/battle_calc_damage.o
arm-none-eabi-gcc -MMD -MF build/battle/battle_controller_player.d -mthumb -mno-thumb-interwork -mcpu=arm7tdmi -mtune=arm7tdmi -mno-long-calls -march=armv4t -Wall -Wextra -Wno-builtin-declaration-mismatch -Wno-sequence-point -Wno-address-of-packed-member -Os -fira-loop-pressure -fipa-pta -c src/battle/battle_controller_player.c -o build/battle/battle_controller_player.o
arm-none-eabi-gcc -MMD -MF build/battle/battle_input.d -mthumb -mno-thumb-interwork -mcpu=arm7tdmi -mtune=arm7tdmi -mno-long-calls -march=armv4t -Wall -Wextra -Wno-builtin-declaration-mismatch -Wno-sequence-point -Wno-address-of-packed-member -Os -fira-loop-pressure -fipa-pta -c src/battle/battle_input.c -o build/battle/battle_input.o
arm-none-eabi-gcc -MMD -MF build/battle/battle_item.d -mthumb -mno-thumb-interwork -mcpu=arm7tdmi -mtune=arm7tdmi -mno-long-calls -march=armv4t -Wall -Wextra -Wno-builtin-declaration-mismatch -Wno-sequence-point -Wno-address-of-packed-member -Os -fira-loop-pressure -fipa-pta -c src/battle/battle_item.c -o build/battle/battle_item.o
arm-none-eabi-gcc -MMD -MF build/battle/battle_pokemon.d -mthumb -mno-thumb-interwork -mcpu=arm7tdmi -mtune=arm7tdmi -mno-long-calls -march=armv4t -Wall -Wextra -Wno-builtin-declaration-mismatch -Wno-sequence-point -Wno-address-of-packed-member -Os -fira-loop-pressure -fipa-pta -c src/battle/battle_pokemon.c -o build/battle/battle_pokemon.o
arm-none-eabi-gcc -MMD -MF build/battle/battle_script_commands.d -mthumb -mno-thumb-interwork -mcpu=arm7tdmi -mtune=arm7tdmi -mno-long-calls -march=armv4t -Wall -Wextra -Wno-builtin-declaration-mismatch -Wno-sequence-point -Wno-address-of-packed-member -Os -fira-loop-pressure -fipa-pta -c src/battle/battle_script_commands.c -o build/battle/battle_script_commands.o
arm-none-eabi-gcc -MMD -MF build/battle/battle_start.d -mthumb -mno-thumb-interwork -mcpu=arm7tdmi -mtune=arm7tdmi -mno-long-calls -march=armv4t -Wall -Wextra -Wno-builtin-declaration-mismatch -Wno-sequence-point -Wno-address-of-packed-member -Os -fira-loop-pressure -fipa-pta -c src/battle/battle_start.c -o build/battle/battle_start.o
arm-none-eabi-gcc -MMD -MF build/battle/mega.d -mthumb -mno-thumb-interwork -mcpu=arm7tdmi -mtune=arm7tdmi -mno-long-calls -march=armv4t -Wall -Wextra -Wno-builtin-declaration-mismatch -Wno-sequence-point -Wno-address-of-packed-member -Os -fira-loop-pressure -fipa-pta -c src/battle/mega.c -o build/battle/mega.o
arm-none-eabi-gcc -MMD -MF build/battle/other_battle_calculators.d -mthumb -mno-thumb-interwork -mcpu=arm7tdmi -mtune=arm7tdmi -mno-long-calls -march=armv4t -Wall -Wextra -Wno-builtin-declaration-mismatch -Wno-sequence-point -Wno-address-of-packed-member -Os -fira-loop-pressure -fipa-pta -c src/battle/other_battle_calculators.c -o build/battle/other_battle_calculators.o
arm-none-eabi-gcc -MMD -MF build/battle/weather.d -mthumb -mno-thumb-interwork -mcpu=arm7tdmi -mtune=arm7tdmi -mno-long-calls -march=armv4t -Wall -Wextra -Wno-builtin-declaration-mismatch -Wno-sequence-point -Wno-address-of-packed-member -Os -fira-loop-pressure -fipa-pta -c src/battle/weather.c -o build/battle/weather.o
arm-none-eabi-as -mthumb -c asm/battle/battle_hooks.s -o build/battle/battle_hooks.o
arm-none-eabi-gcc -MMD -MF build/field/enemy_party.d -mthumb -mno-thumb-interwork -mcpu=arm7tdmi -mtune=arm7tdmi -mno-long-calls -march=armv4t -Wall -Wextra -Wno-builtin-declaration-mismatch -Wno-sequence-point -Wno-address-of-packed-member -Os -fira-loop-pressure -fipa-pta -c src/field/enemy_party.c -o build/field/enemy_party.o
arm-none-eabi-gcc -MMD -MF build/field/mart.d -mthumb -mno-thumb-interwork -mcpu=arm7tdmi -mtune=arm7tdmi -mno-long-calls -march=armv4t -Wall -Wextra -Wno-builtin-declaration-mismatch -Wno-sequence-point -Wno-address-of-packed-member -Os -fira-loop-pressure -fipa-pta -c src/field/mart.c -o build/field/mart.o
arm-none-eabi-gcc -MMD -MF build/field/move_tutor.d -mthumb -mno-thumb-interwork -mcpu=arm7tdmi -mtune=arm7tdmi -mno-long-calls -march=armv4t -Wall -Wextra -Wno-builtin-declaration-mismatch -Wno-sequence-point -Wno-address-of-packed-member -Os -fira-loop-pressure -fipa-pta -c src/field/move_tutor.c -o build/field/move_tutor.o
arm-none-eabi-gcc -MMD -MF build/field/overworld_table.d -mthumb -mno-thumb-interwork -mcpu=arm7tdmi -mtune=arm7tdmi -mno-long-calls -march=armv4t -Wall -Wextra -Wno-builtin-declaration-mismatch -Wno-sequence-point -Wno-address-of-packed-member -Os -fira-loop-pressure -fipa-pta -c src/field/overworld_table.c -o build/field/overworld_table.o
arm-none-eabi-gcc -MMD -MF build/field/pokewalker.d -mthumb -mno-thumb-interwork -mcpu=arm7tdmi -mtune=arm7tdmi -mno-long-calls -march=armv4t -Wall -Wextra -Wno-builtin-declaration-mismatch -Wno-sequence-point -Wno-address-of-packed-member -Os -fira-loop-pressure -fipa-pta -c src/field/pokewalker.c -o build/field/pokewalker.o
arm-none-eabi-gcc -MMD -MF build/field/script_commands.d -mthumb -mno-thumb-interwork -mcpu=arm7tdmi -mtune=arm7tdmi -mno-long-calls -march=armv4t -Wall -Wextra -Wno-builtin-declaration-mismatch -Wno-sequence-point -Wno-address-of-packed-member -Os -fira-loop-pressure -fipa-pta -c src/field/script_commands.c -o build/field/script_commands.o
arm-none-eabi-as -mthumb -c asm/field/bdhcam_routine.s -o build/field/bdhcam_routine.o
arm-none-eabi-as -mthumb -c asm/field/field_hooks.s -o build/field/field_hooks.o
arm-none-eabi-as -mthumb -c asm/field/pc_anywhere.s -o build/field/pc_anywhere.o
arm-none-eabi-gcc -MMD -MF build/pokedex/pokedex.d -mthumb -mno-thumb-interwork -mcpu=arm7tdmi -mtune=arm7tdmi -mno-long-calls -march=armv4t -Wall -Wextra -Wno-builtin-declaration-mismatch -Wno-sequence-point -Wno-address-of-packed-member -Os -fira-loop-pressure -fipa-pta -c src/pokedex/pokedex.c -o build/pokedex/pokedex.o
arm-none-eabi-gcc -MMD -MF build/individual/BattleController_BeforeMove.d -mthumb -mno-thumb-interwork -mcpu=arm7tdmi -mtune=arm7tdmi -mno-long-calls -march=armv4t -Wall -Wextra -Wno-builtin-declaration-mismatch -Wno-sequence-point -Wno-address-of-packed-member -Os -fira-loop-pressure -fipa-pta -c src/individual/BattleController_BeforeMove.c -o build/individual/BattleController_BeforeMove.o
arm-none-eabi-gcc -MMD -MF build/individual/BattleController_MoveEnd.d -mthumb -mno-thumb-interwork -mcpu=arm7tdmi -mtune=arm7tdmi -mno-long-calls -march=armv4t -Wall -Wextra -Wno-builtin-declaration-mismatch -Wno-sequence-point -Wno-address-of-packed-member -Os -fira-loop-pressure -fipa-pta -c src/individual/BattleController_MoveEnd.c -o build/individual/BattleController_MoveEnd.o
arm-none-eabi-gcc -MMD -MF build/individual/BattleFormChangeCheck.d -mthumb -mno-thumb-interwork -mcpu=arm7tdmi -mtune=arm7tdmi -mno-long-calls -march=armv4t -Wall -Wextra -Wno-builtin-declaration-mismatch -Wno-sequence-point -Wno-address-of-packed-member -Os -fira-loop-pressure -fipa-pta -c src/individual/BattleFormChangeCheck.c -o build/individual/BattleFormChangeCheck.o
arm-none-eabi-gcc -MMD -MF build/individual/BattleSystem_BufferMessage.d -mthumb -mno-thumb-interwork -mcpu=arm7tdmi -mtune=arm7tdmi -mno-long-calls -march=armv4t -Wall -Wextra -Wno-builtin-declaration-mismatch -Wno-sequence-point -Wno-address-of-packed-member -Os -fira-loop-pressure -fipa-pta -c src/individual/BattleSystem_BufferMessage.c -o build/individual/BattleSystem_BufferMessage.o
arm-none-eabi-gcc -MMD -MF build/individual/CalcBaseDamage.d -mthumb -mno-thumb-interwork -mcpu=arm7tdmi -mtune=arm7tdmi -mno-long-calls -march=armv4t -Wall -Wextra -Wno-builtin-declaration-mismatch -Wno-sequence-point -Wno-address-of-packed-member -Os -fira-loop-pressure -fipa-pta -c src/individual/CalcBaseDamage.c -o build/individual/CalcBaseDamage.o
arm-none-eabi-gcc -MMD -MF build/individual/CalculateBallShakes.d -mthumb -mno-thumb-interwork -mcpu=arm7tdmi -mtune=arm7tdmi -mno-long-calls -march=armv4t -Wall -Wextra -Wno-builtin-declaration-mismatch -Wno-sequence-point -Wno-address-of-packed-member -Os -fira-loop-pressure -fipa-pta -c src/individual/CalculateBallShakes.c -o build/individual/CalculateBallShakes.o
arm-none-eabi-gcc -MMD -MF build/individual/CheckDefenderItemEffectOnHit.d -mthumb -mno-thumb-interwork -mcpu=arm7tdmi -mtune=arm7tdmi -mno-long-calls -march=armv4t -Wall -Wextra -Wno-builtin-declaration-mismatch -Wno-sequence-point -Wno-address-of-packed-member -Os -fira-loop-pressure -fipa-pta -c src/individual/CheckDefenderItemEffectOnHit.c -o build/individual/CheckDefenderItemEffectOnHit.o
arm-none-eabi-gcc -MMD -MF build/individual/GetMonEvolutionBattle.d -mthumb -mno-thumb-interwork -mcpu=arm7tdmi -mtune=arm7tdmi -mno-long-calls -march=armv4t -Wall -Wextra -Wno-builtin-declaration-mismatch -Wno-sequence-point -Wno-address-of-packed-member -Os -fira-loop-pressure -fipa-pta -c src/individual/GetMonEvolutionBattle.c -o build/individual/GetMonEvolutionBattle.o
arm-none-eabi-gcc -MMD -MF build/individual/GetMonEvolutionInternal.d -mthumb -mno-thumb-interwork -mcpu=arm7tdmi -mtune=arm7tdmi -mno-long-calls -march=armv4t -Wall -Wextra -Wno-builtin-declaration-mismatch -Wno-sequence-point -Wno-address-of-packed-member -Os -fira-loop-pressure -fipa-pta -c src/individual/GetMonEvolutionInternal.c -o build/individual/GetMonEvolutionInternal.o
arm-none-eabi-gcc -MMD -MF build/individual/MoveHitDefenderAbilityCheck.d -mthumb -mno-thumb-interwork -mcpu=arm7tdmi -mtune=arm7tdmi -mno-long-calls -march=armv4t -Wall -Wextra -Wno-builtin-declaration-mismatch -Wno-sequence-point -Wno-address-of-packed-member -Os -fira-loop-pressure -fipa-pta -c src/individual/MoveHitDefenderAbilityCheck.c -o build/individual/MoveHitDefenderAbilityCheck.o
arm-none-eabi-gcc -MMD -MF build/individual/ServerBeforeAct.d -mthumb -mno-thumb-interwork -mcpu=arm7tdmi -mtune=arm7tdmi -mno-long-calls -march=armv4t -Wall -Wextra -Wno-builtin-declaration-mismatch -Wno-sequence-point -Wno-address-of-packed-member -Os -fira-loop-pressure -fipa-pta -c src/individual/ServerBeforeAct.c -o build/individual/ServerBeforeAct.o
arm-none-eabi-gcc -MMD -MF build/individual/ServerDoPostMoveEffects.d -mthumb -mno-thumb-interwork -mcpu=arm7tdmi -mtune=arm7tdmi -mno-long-calls -march=armv4t -Wall -Wextra -Wno-builtin-declaration-mismatch -Wno-sequence-point -Wno-address-of-packed-member -Os -fira-loop-pressure -fipa-pta -c src/individual/ServerDoPostMoveEffects.c -o build/individual/ServerDoPostMoveEffects.o
arm-none-eabi-gcc -MMD -MF build/individual/ServerFieldConditionCheck.d -mthumb -mno-thumb-interwork -mcpu=arm7tdmi -mtune=arm7tdmi -mno-long-calls -march=armv4t -Wall -Wextra -Wno-builtin-declaration-mismatch -Wno-sequence-point -Wno-address-of-packed-member -Os -fira-loop-pressure -fipa-pta -c src/individual/ServerFieldConditionCheck.c -o build/individual/ServerFieldConditionCheck.o
arm-none-eabi-gcc -MMD -MF build/individual/ServerHPCalc.d -mthumb -mno-thumb-interwork -mcpu=arm7tdmi -mtune=arm7tdmi -mno-long-calls -march=armv4t -Wall -Wextra -Wno-builtin-declaration-mismatch -Wno-sequence-point -Wno-address-of-packed-member -Os -fira-loop-pressure -fipa-pta -c src/individual/ServerHPCalc.c -o build/individual/ServerHPCalc.o
arm-none-eabi-gcc -MMD -MF build/individual/SwitchInAbilityCheck.d -mthumb -mno-thumb-interwork -mcpu=arm7tdmi -mtune=arm7tdmi -mno-long-calls -march=armv4t -Wall -Wextra -Wno-builtin-declaration-mismatch -Wno-sequence-point -Wno-address-of-packed-member -Os -fira-loop-pressure -fipa-pta -c src/individual/SwitchInAbilityCheck.c -o build/individual/SwitchInAbilityCheck.o
arm-none-eabi-gcc -MMD -MF build/individual/btl_scr_cmd_33_statbuffchange.d -mthumb -mno-thumb-interwork -mcpu=arm7tdmi -mtune=arm7tdmi -mno-long-calls -march=armv4t -Wall -Wextra -Wno-builtin-declaration-mismatch -Wno-sequence-point -Wno-address-of-packed-member -Os -fira-loop-pressure -fipa-pta -c src/individual/btl_scr_cmd_33_statbuffchange.c -o build/individual/btl_scr_cmd_33_statbuffchange.o
arm-none-eabi-ld rom.ld -T src/linker.ld -o build/linked.o build/bag.o build/item.o build/message.o build/moves.o build/music_tables.o build/npc_trade.o build/overlay.o build/party_menu.o build/pokemon.o build/pokemon_storage_system.o build/qmath64.o build/repel.o build/save.o build/script_new_cmds.o build/sound.o build/summary.o build/swarms.o build/test_battle.o build/textbox.o build/trainermoney.o build/arm_hooks.o build/general_hooks.o build/other_hook.o build/qmath.o build/thumb_help.o
arm-none-eabi-objcopy -O binary build/linked.o build/output.bin
cp rom.ld rom_gen.ld
. .venv/bin/activate; python3 scripts/generate_ld.py
Generating linker script...
arm-none-eabi-ld rom_gen.ld -T src/battle/linker.ld -o build/battle_linked.o build/battle/ability.o build/battle/ai.o build/battle/anim.o build/battle/battle_calc_damage.o build/battle/battle_controller_player.o build/battle/battle_input.o build/battle/battle_item.o build/battle/battle_pokemon.o build/battle/battle_script_commands.o build/battle/battle_start.o build/battle/mega.o build/battle/other_battle_calculators.o build/battle/weather.o build/battle/battle_hooks.o build/thumb_help.o
arm-none-eabi-ld rom_gen.ld -T src/field/linker.ld -o build/field_linked.o build/field/enemy_party.o build/field/mart.o build/field/move_tutor.o build/field/overworld_table.o build/field/pokewalker.o build/field/script_commands.o build/field/bdhcam_routine.o build/field/field_hooks.o build/field/pc_anywhere.o build/thumb_help.o
arm-none-eabi-ld rom_gen.ld -T src/pokedex/linker.ld -o build/pokedex_linked.o build/pokedex/pokedex.o  build/thumb_help.o
arm-none-eabi-objcopy -O binary build/pokedex_linked.o build/output_pokedex.bin
arm-none-eabi-objcopy -O binary build/field_linked.o build/output_field.bin
arm-none-eabi-objcopy -O binary build/battle_linked.o build/output_battle.bin
cp rom_gen.ld rom_gen_battle.ld
. .venv/bin/activate; python3 scripts/generate_ld.py rom_gen_battle.ld build/battle_linked.o
Generating linker script...
arm-none-eabi-ld rom_gen_battle.ld -T src/individual/linker/BattleController_MoveEnd.ld -o build/BattleController_MoveEnd_linked.o build/individual/BattleController_MoveEnd.o build/thumb_help.o
arm-none-eabi-ld rom_gen_battle.ld -T src/individual/linker/BattleFormChangeCheck.ld -o build/BattleFormChangeCheck_linked.o build/individual/BattleFormChangeCheck.o build/thumb_help.o
arm-none-eabi-ld rom_gen_battle.ld -T src/individual/linker/BattleSystem_BufferMessage.ld -o build/BattleSystem_BufferMessage_linked.o build/individual/BattleSystem_BufferMessage.o build/thumb_help.o
arm-none-eabi-ld rom_gen_battle.ld -T src/individual/linker/CalcBaseDamage.ld -o build/CalcBaseDamage_linked.o build/individual/CalcBaseDamage.o build/thumb_help.o
arm-none-eabi-ld rom_gen_battle.ld -T src/individual/linker/CalculateBallShakes.ld -o build/CalculateBallShakes_linked.o build/individual/CalculateBallShakes.o build/thumb_help.o
arm-none-eabi-ld rom_gen_battle.ld -T src/individual/linker/CheckDefenderItemEffectOnHit.ld -o build/CheckDefenderItemEffectOnHit_linked.o build/individual/CheckDefenderItemEffectOnHit.o build/thumb_help.o
arm-none-eabi-ld rom_gen_battle.ld -T src/individual/linker/GetMonEvolutionBattle.ld -o build/GetMonEvolutionBattle_linked.o build/individual/GetMonEvolutionBattle.o build/thumb_help.o
arm-none-eabi-ld rom_gen_battle.ld -T src/individual/linker/GetMonEvolutionInternal.ld -o build/GetMonEvolutionInternal_linked.o build/individual/GetMonEvolutionInternal.o build/thumb_help.o
arm-none-eabi-ld rom_gen_battle.ld -T src/individual/linker/MoveHitDefenderAbilityCheck.ld -o build/MoveHitDefenderAbilityCheck_linked.o build/individual/MoveHitDefenderAbilityCheck.o build/thumb_help.o
arm-none-eabi-ld rom_gen_battle.ld -T src/individual/linker/ServerBeforeAct.ld -o build/ServerBeforeAct_linked.o build/individual/ServerBeforeAct.o build/thumb_help.o
arm-none-eabi-ld rom_gen_battle.ld -T src/individual/linker/ServerDoPostMoveEffects.ld -o build/ServerDoPostMoveEffects_linked.o build/individual/ServerDoPostMoveEffects.o build/thumb_help.o
arm-none-eabi-ld rom_gen_battle.ld -T src/individual/linker/ServerFieldConditionCheck.ld -o build/ServerFieldConditionCheck_linked.o build/individual/ServerFieldConditionCheck.o build/thumb_help.o
arm-none-eabi-ld rom_gen_battle.ld -T src/individual/linker/ServerHPCalc.ld -o build/ServerHPCalc_linked.o build/individual/ServerHPCalc.o build/thumb_help.o
arm-none-eabi-ld rom_gen_battle.ld -T src/individual/linker/SwitchInAbilityCheck.ld -o build/SwitchInAbilityCheck_linked.o build/individual/SwitchInAbilityCheck.o build/thumb_help.o
arm-none-eabi-ld rom_gen_battle.ld -T src/individual/linker/btl_scr_cmd_33_statbuffchange.ld -o build/btl_scr_cmd_33_statbuffchange_linked.o build/individual/btl_scr_cmd_33_statbuffchange.o build/thumb_help.o
arm-none-eabi-objcopy -O binary build/CheckDefenderItemEffectOnHit_linked.o build/output_CheckDefenderItemEffectOnHit.bin
arm-none-eabi-objcopy -O binary build/GetMonEvolutionBattle_linked.o build/output_GetMonEvolutionBattle.bin
arm-none-eabi-objcopy -O binary build/GetMonEvolutionInternal_linked.o build/output_GetMonEvolutionInternal.bin
arm-none-eabi-objcopy -O binary build/MoveHitDefenderAbilityCheck_linked.o build/output_MoveHitDefenderAbilityCheck.bin
arm-none-eabi-objcopy -O binary build/ServerBeforeAct_linked.o build/output_ServerBeforeAct.bin
arm-none-eabi-objcopy -O binary build/ServerDoPostMoveEffects_linked.o build/output_ServerDoPostMoveEffects.bin
arm-none-eabi-objcopy -O binary build/ServerFieldConditionCheck_linked.o build/output_ServerFieldConditionCheck.bin
arm-none-eabi-objcopy -O binary build/ServerHPCalc_linked.o build/output_ServerHPCalc.bin
arm-none-eabi-objcopy -O binary build/SwitchInAbilityCheck_linked.o build/output_SwitchInAbilityCheck.bin
arm-none-eabi-objcopy -O binary build/btl_scr_cmd_33_statbuffchange_linked.o build/output_btl_scr_cmd_33_statbuffchange.bin
arm-none-eabi-objcopy -O binary build/BattleController_MoveEnd_linked.o build/output_BattleController_MoveEnd.bin
arm-none-eabi-objcopy -O binary build/BattleFormChangeCheck_linked.o build/output_BattleFormChangeCheck.bin
arm-none-eabi-objcopy -O binary build/BattleSystem_BufferMessage_linked.o build/output_BattleSystem_BufferMessage.bin
arm-none-eabi-objcopy -O binary build/CalcBaseDamage_linked.o build/output_CalcBaseDamage.bin
arm-none-eabi-objcopy -O binary build/CalculateBallShakes_linked.o build/output_CalculateBallShakes.bin
arm-none-eabi-ld rom_gen_battle.ld -T src/individual/linker/BattleController_BeforeMove.ld -o build/BattleController_BeforeMove_linked.o build/individual/BattleController_BeforeMove.o build/thumb_help.o
arm-none-eabi-objcopy -O binary build/BattleController_BeforeMove_linked.o build/output_BattleController_BeforeMove.bin
rm -rf base
find . \( -name "*.DS_Store" -o -name "*:Zone.Identifier" \) -delete
tools/ndstool -x rom.nds -9 base/arm9.bin -7 base/arm7.bin -y9 base/overarm9.bin -y7 base/overarm7.bin -d base/root -y base/overlay -t base/banner.bin -h base/header.bin
Nintendo DS rom tool 2.1.2 - Jun 13 2025
by Rafael Vuijk, Dave Murphy, Alexei Karpenko
9i (null), 7i (null), unitcode 0
rom.nds Decompression successful!!
. .venv/bin/activate; python3 tools/narcpy.py extract base/root/a/0/2/8 -o build/a028/ -nf
. .venv/bin/activate; python3 scripts/make.py


Inserting code.
make move_narc
make[1]: Entering directory '/mnt/b/pokemon-romhacking/hg-engine'
. .venv/bin/activate; python3 tools/narcpy.py extract base/root/a/0/1/2 -o build/a012 -nf
for file in armips/scr_seq/scr_seq_00003_commonscript.s; do tools/armips $file; done
. .venv/bin/activate; python3 tools/narcpy.py create build/narc/scr_seq.narc build/a012 -nf
battle hud layout:
cp build/narc/a007.narc base/root/a/0/0/7
move data:
cp build/narc/a011.narc base/root/a/0/1/1
move particles:
cp build/narc/a029.narc base/root/a/0/2/9
item data files:
cp build/narc/itemdata.narc base/root/a/0/1/7
mon sprite data:
cp build/narc/pokegra.narc base/root/a/0/0/4
cp build/narc/pokegra.narc base/root/pbr/pokegra.narc
opening demo files:
cp build/narc/a262.narc base/root/a/2/6/2
mon data properties:
cp build/narc/mondata.narc base/root/a/0/0/2
sprite offsets:
cp build/narc/spriteoffsets.narc base/root/a/1/8/0
mon height offsets (a005):
cp build/narc/heighttable.narc base/root/a/0/0/5
dex area data:
cp build/narc/dexareas.narc base/root/a/1/3/3
pokedex sort lists:
cp build/narc/a214.narc base/root/a/2/1/4
evolution data:
cp build/narc/a034.narc base/root/a/0/3/4
regional dex order:
cp build/narc/a138.narc base/root/a/1/3/8
trainer data:
cp build/narc/a055.narc base/root/a/0/5/5
cp build/narc/a056.narc base/root/a/0/5/6
trainer text:
cp build/narc/trainer_text_map.narc base/root/a/0/5/7
cp build/narc/trainer_text_offsets.narc base/root/a/1/3/1
footprints:
cp build/narc/a069.narc base/root/a/0/6/9
move anims:
cp build/narc/a010.narc base/root/a/0/1/0
move sub animations:
cp build/narc/a061.narc base/root/a/0/6/1
move battle scripts:
cp build/narc/a000.narc base/root/a/0/0/0
move battle scripts:
cp build/narc/a030.narc base/root/a/0/3/0
battle sub effects:
cp build/narc/a001.narc base/root/a/0/0/1
bag gfx:
cp build/narc/a015.narc base/root/a/0/1/5
item gfx:
cp build/narc/a018.narc base/root/a/0/1/8
dex gfx for fairy:
cp build/narc/dexgfx.narc base/root/a/0/6/8
battle gfx for fairy:
cp build/narc/battlegfx.narc base/root/a/0/0/8
otherpoke gfx for fairy:
cp build/narc/otherpoke.narc base/root/a/1/1/4
pokemon icons:
tools/armips armips/data/iconpalettetable.s
cp build/narc/pokemonicon.narc base/root/a/0/2/0
wild encounters:
cp build/narc/encounters.narc base/root/a/0/3/7
pokemon overworlds:
cp build/narc/pokemonow.narc base/root/a/0/8/1
pokemon overworld data:
cp build/narc/overworld_properties.narc base/root/a/1/4/1
move an updated gs_sound_data.sdat:
cp build/narc/gs_sound_data.sdat base/root/data/sound/gs_sound_data.sdat
text data:
cp build/narc/msg_data.narc base/root/a/0/2/7
ball spa files:
cp build/narc/ball_spa.narc base/root/a/0/9/5
pokewalker sprites:
cp build/narc/pw_pokegra.narc base/root/a/2/5/6
pokewalker icons:
cp build/narc/pw_pokeicon.narc base/root/a/2/4/8
font:
if [ $(grep -i -c "//#define IMPLEMENT_TRANSPARENT_TEXTBOXES" include/config.h) -eq 0 ]; then cp build/narc/font.narc base/root/a/0/1/6; fi
textbox:
if [ $(grep -i -c "//#define IMPLEMENT_TRANSPARENT_TEXTBOXES" include/config.h) -eq 0 ]; then cp build/narc/textbox.narc base/root/a/0/3/8; fi
scripts:
cp build/narc/scr_seq.narc base/root/a/0/1/2
headbutt trees:
cp build/narc/headbutt.narc base/root/a/2/5/2
trainer gfx:
cp build/narc/trainer_gfx.narc base/root/a/0/5/8
levelup learnset:
cp build/narc/a033.narc base/root/a/0/3/3
egg moves:
cp build/narc/a229.narc base/root/a/2/2/9
baby mons:
tools/armips armips/data/babymons.s
hidden ability table:
cp build/HiddenAbilityTable.bin build/a028/9_07
base experience table:
cp build/BaseExperienceTable.bin build/a028/9_08
mon overworld data:
tools/armips armips/data/monoverworlds.s
species to ow gfx table:
cp build/SpeciesToOWGfx.bin build/a028/9_10
form data table:
cp build/PokeFormDataTbl.bin build/a028/9_11
form to species mapping table:
cp build/FormToSpeciesMapping.bin build/a028/9_12
form reversion mapping table:
cp build/FormReversionMapping.bin build/a028/9_13
machine moves:
cp build/MachineMoveLearnsets.bin build/a028/9_14
tutor moves:
cp build/TutorMoveLearnsets.bin build/a028/9_15
make[1]: Leaving directory '/mnt/b/pokemon-romhacking/hg-engine'
tools/armips armips/global.s
. .venv/bin/activate; python3 tools/narcpy.py create base/root/a/0/2/8 build/a028/ -nf
Making ROM...
tools/ndstool -c test.nds -9 base/arm9.bin -7 base/arm7.bin -y9 base/overarm9.bin -y7 base/overarm7.bin -d base/root -y base/overlay -t base/banner.bin -h base/header.bin
Nintendo DS rom tool 2.1.2 - Jun 13 2025
by Rafael Vuijk, Dave Murphy, Alexei Karpenko
Done.  See output test.nds.
